
> test-cms@0.0.0 start
> ng serve --port 4507

[33m>[39m Building...
[32m√[39m Building...
[1mInitial chunk files[22m[2m | [22m[1mNames[22m              [2m | [22m [1mRaw size[22m
[32mmain.js[39m            [2m | [22m[2mmain[22m               [2m | [22m  [36m3.17 kB[39m[2m | [22m
[32mchunk-VUJOFXKG.js[39m  [2m | [22m[2m-[22m                  [2m | [22m[36m938 bytes[39m[2m | [22m
[32mstyles.css[39m         [2m | [22m[2mstyles[22m             [2m | [22m[36m237 bytes[39m[2m | [22m

[1m [22m                  [2m | [22m[1mInitial total[22m      [2m | [22m  [1m4.34 kB[22m

[1mLazy chunk files[22m   [2m | [22m[1mNames[22m              [2m | [22m [1mRaw size[22m
[32mchunk-324FQLO5.js[39m  [2m | [22m[2marticle-view[22m       [2m | [22m [36m62.54 kB[39m[2m | [22m
[32mchunk-JG5INJVD.js[39m  [2m | [22m[2marticle-edit[22m       [2m | [22m [36m28.51 kB[39m[2m | [22m
[32mchunk-WVRJFNZ4.js[39m  [2m | [22m[2mshell[22m              [2m | [22m [36m18.31 kB[39m[2m | [22m
[32mchunk-L2KU4JMZ.js[39m  [2m | [22m[2m-[22m                  [2m | [22m  [36m7.99 kB[39m[2m | [22m
[32mchunk-7BS3SSKS.js[39m  [2m | [22m[2marticle-placeholder[22m[2m | [22m  [36m6.96 kB[39m[2m | [22m

Application bundle generation complete. [1.239 seconds] - 2026-03-23T19:38:55.497Z

[1m[33m[33m▲ [43;33m[[43;30mWARNING[43;33m][0m [1mNG8102: NG8102: The left side of this nullish coalescing operation does not include 'null' or 'undefined' in its type, therefore the '??' operator can be safely removed. Find more at https://v21.angular.dev/extended-diagnostics/NG8102[0m [1m[35m[plugin angular-compiler][0m

    src/app/pages/cms/components/article-sidebar/article-sidebar.html:24:13:
[37m      24 │           {{ [32mannotationCounts()[article.id] ?? 0[37m }} аннотац...
         ╵              [32m~~~~~~~~~~~~~~~~~~~~~~~~~~~~~~~~~~~[0m

  Warning occurs in the template of component ArticleSidebar.

    src/app/pages/cms/components/article-sidebar/article-sidebar.ts:8:15:
[37m      8 │   templateUrl: [32m'./article-sidebar.html'[37m,
        ╵                [32m~~~~~~~~~~~~~~~~~~~~~~~~[0m

[39m[22m
Watch mode enabled. Watching for file changes...
NOTE: Raw file sizes do not reflect development server per-request transformations.
  [32m➜[39m  [1mLocal[22m:   [36mhttp://localhost:[1m4507[22m/[39m
[33m>[39m Changes detected. Rebuilding...
[32m√[39m Changes detected. Rebuilding...
[1mInitial chunk files[22m[2m | [22m[1mNames[22m[2m | [22m[1mRaw size[22m
[32mmain.js[39m            [2m | [22m[2mmain[22m [2m | [22m [36m3.17 kB[39m[2m | [22m

[1mLazy chunk files[22m   [2m | [22m[1mNames[22m[2m | [22m[1mRaw size[22m
[32mchunk-2KMOPKDI.js[39m  [2m | [22m[2mshell[22m[2m | [22m[36m18.28 kB[39m[2m | [22m

Application bundle generation complete. [1.097 seconds] - 2026-03-23T19:39:55.454Z

Component update sent to client(s).
[33m>[39m Changes detected. Rebuilding...
[32m√[39m Changes detected. Rebuilding...
[1mInitial chunk files[22m[2m | [22m[1mNames[22m       [2m | [22m[1mRaw size[22m
[32mmain.js[39m            [2m | [22m[2mmain[22m        [2m | [22m [36m3.17 kB[39m[2m | [22m

[1mLazy chunk files[22m   [2m | [22m[1mNames[22m       [2m | [22m[1mRaw size[22m
[32mchunk-3OLD233A.js[39m  [2m | [22m[2marticle-edit[22m[2m | [22m[36m28.38 kB[39m[2m | [22m
[32mchunk-ZVKLP7YP.js[39m  [2m | [22m[2mshell[22m       [2m | [22m[36m17.94 kB[39m[2m | [22m

Application bundle generation complete. [0.451 seconds] - 2026-03-23T19:43:38.116Z

Component update sent to client(s).
[33m>[39m Changes detected. Rebuilding...
[32m√[39m Changes detected. Rebuilding...
[1mInitial chunk files[22m[2m | [22m[1mNames[22m       [2m | [22m[1mRaw size[22m
[32mmain.js[39m            [2m | [22m[2mmain[22m        [2m | [22m [36m3.17 kB[39m[2m | [22m

[1mLazy chunk files[22m   [2m | [22m[1mNames[22m       [2m | [22m[1mRaw size[22m
[32mchunk-COKPK3A2.js[39m  [2m | [22m[2marticle-view[22m[2m | [22m[36m61.01 kB[39m[2m | [22m
[32mchunk-C4KPCJFF.js[39m  [2m | [22m[2mshell[22m       [2m | [22m[36m17.90 kB[39m[2m | [22m

Application bundle generation complete. [0.779 seconds] - 2026-03-23T19:44:46.397Z

Component update sent to client(s).
[33m>[39m Changes detected. Rebuilding...
[32m√[39m Changes detected. Rebuilding...
[1mInitial chunk files[22m[2m | [22m[1mNames[22m       [2m | [22m[1mRaw size[22m
[32mmain.js[39m            [2m | [22m[2mmain[22m        [2m | [22m [36m3.17 kB[39m[2m | [22m

[1mLazy chunk files[22m   [2m | [22m[1mNames[22m       [2m | [22m[1mRaw size[22m
[32mchunk-BTVNJQUX.js[39m  [2m | [22m[2marticle-view[22m[2m | [22m[36m60.98 kB[39m[2m | [22m

Application bundle generation complete. [0.295 seconds] - 2026-03-23T19:45:01.534Z

Component update sent to client(s).
[33m>[39m Changes detected. Rebuilding...
[32m√[39m Changes detected. Rebuilding...
[1mInitial chunk files[22m[2m | [22m[1mNames[22m       [2m | [22m[1mRaw size[22m
[32mmain.js[39m            [2m | [22m[2mmain[22m        [2m | [22m [36m3.17 kB[39m[2m | [22m

[1mLazy chunk files[22m   [2m | [22m[1mNames[22m       [2m | [22m[1mRaw size[22m
[32mchunk-2HFDKIYM.js[39m  [2m | [22m[2marticle-edit[22m[2m | [22m[36m28.46 kB[39m[2m | [22m
[32mchunk-IRUQTQCS.js[39m  [2m | [22m[2mshell[22m       [2m | [22m[36m17.99 kB[39m[2m | [22m

Application bundle generation complete. [0.345 seconds] - 2026-03-23T19:48:31.887Z

Component update sent to client(s).
[33m>[39m Changes detected. Rebuilding...
[32m√[39m Changes detected. Rebuilding...
[1mInitial chunk files[22m[2m | [22m[1mNames[22m       [2m | [22m[1mRaw size[22m
[32mmain.js[39m            [2m | [22m[2mmain[22m        [2m | [22m [36m3.17 kB[39m[2m | [22m

[1mLazy chunk files[22m   [2m | [22m[1mNames[22m       [2m | [22m[1mRaw size[22m
[32mchunk-PRPFXGNS.js[39m  [2m | [22m[2marticle-view[22m[2m | [22m[36m61.83 kB[39m[2m | [22m
[32mchunk-IUVBO6OZ.js[39m  [2m | [22m[2mshell[22m       [2m | [22m[36m18.01 kB[39m[2m | [22m

Application bundle generation complete. [0.359 seconds] - 2026-03-23T19:49:41.177Z

Component update sent to client(s).
[33m>[39m Changes detected. Rebuilding...
[32m√[39m Changes detected. Rebuilding...
[1mInitial chunk files[22m[2m | [22m[1mNames[22m       [2m | [22m[1mRaw size[22m
[32mmain.js[39m            [2m | [22m[2mmain[22m        [2m | [22m [36m3.17 kB[39m[2m | [22m

[1mLazy chunk files[22m   [2m | [22m[1mNames[22m       [2m | [22m[1mRaw size[22m
[32mchunk-ESCLLRB6.js[39m  [2m | [22m[2marticle-view[22m[2m | [22m[36m61.90 kB[39m[2m | [22m

Application bundle generation complete. [0.876 seconds] - 2026-03-23T19:56:58.224Z

Page reload sent to client(s).
[33m>[39m Changes detected. Rebuilding...
[32m√[39m Changes detected. Rebuilding...
[1mInitial chunk files[22m[2m | [22m[1mNames[22m       [2m | [22m[1mRaw size[22m
[32mmain.js[39m            [2m | [22m[2mmain[22m        [2m | [22m [36m3.17 kB[39m[2m | [22m

[1mLazy chunk files[22m   [2m | [22m[1mNames[22m       [2m | [22m[1mRaw size[22m
[32mchunk-RWPOYA5P.js[39m  [2m | [22m[2marticle-view[22m[2m | [22m[36m61.90 kB[39m[2m | [22m

Application bundle generation complete. [0.237 seconds] - 2026-03-23T19:57:09.836Z

Page reload sent to client(s).
[33m>[39m Changes detected. Rebuilding...
[32m√[39m Changes detected. Rebuilding...
[1mInitial chunk files[22m[2m | [22m[1mNames[22m       [2m | [22m[1mRaw size[22m
[32mmain.js[39m            [2m | [22m[2mmain[22m        [2m | [22m [36m3.17 kB[39m[2m | [22m

[1mLazy chunk files[22m   [2m | [22m[1mNames[22m       [2m | [22m[1mRaw size[22m
[32mchunk-BNL6RM2Y.js[39m  [2m | [22m[2marticle-view[22m[2m | [22m[36m63.21 kB[39m[2m | [22m

Application bundle generation complete. [0.231 seconds] - 2026-03-23T19:59:37.845Z

Page reload sent to client(s).
[33m>[39m Changes detected. Rebuilding...
[32m√[39m Changes detected. Rebuilding...
[1mInitial chunk files[22m[2m | [22m[1mNames[22m       [2m | [22m[1mRaw size[22m
[32mmain.js[39m            [2m | [22m[2mmain[22m        [2m | [22m [36m3.17 kB[39m[2m | [22m

[1mLazy chunk files[22m   [2m | [22m[1mNames[22m       [2m | [22m[1mRaw size[22m
[32mchunk-36KPRVXS.js[39m  [2m | [22m[2marticle-view[22m[2m | [22m[36m63.28 kB[39m[2m | [22m

Application bundle generation complete. [0.198 seconds] - 2026-03-23T20:00:16.144Z

Component update sent to client(s).
[33m>[39m Changes detected. Rebuilding...
[32m√[39m Changes detected. Rebuilding...
[1mInitial chunk files[22m[2m | [22m[1mNames[22m       [2m | [22m[1mRaw size[22m
[32mmain.js[39m            [2m | [22m[2mmain[22m        [2m | [22m [36m3.17 kB[39m[2m | [22m

[1mLazy chunk files[22m   [2m | [22m[1mNames[22m       [2m | [22m[1mRaw size[22m
[32mchunk-QO7O6TOJ.js[39m  [2m | [22m[2marticle-view[22m[2m | [22m[36m63.28 kB[39m[2m | [22m

Application bundle generation complete. [0.203 seconds] - 2026-03-23T20:00:23.915Z

Page reload sent to client(s).
[33m>[39m Changes detected. Rebuilding...
[32m√[39m Changes detected. Rebuilding...
[1mInitial chunk files[22m[2m | [22m[1mNames[22m       [2m | [22m[1mRaw size[22m
[32mmain.js[39m            [2m | [22m[2mmain[22m        [2m | [22m [36m3.17 kB[39m[2m | [22m

[1mLazy chunk files[22m   [2m | [22m[1mNames[22m       [2m | [22m[1mRaw size[22m
[32mchunk-H4RDV3M5.js[39m  [2m | [22m[2marticle-view[22m[2m | [22m[36m63.88 kB[39m[2m | [22m

Application bundle generation complete. [0.340 seconds] - 2026-03-23T20:03:24.055Z

Page reload sent to client(s).
[33m>[39m Changes detected. Rebuilding...
[32m√[39m Changes detected. Rebuilding...
[1mInitial chunk files[22m[2m | [22m[1mNames[22m       [2m | [22m[1mRaw size[22m
[32mmain.js[39m            [2m | [22m[2mmain[22m        [2m | [22m [36m3.17 kB[39m[2m | [22m

[1mLazy chunk files[22m   [2m | [22m[1mNames[22m       [2m | [22m[1mRaw size[22m
[32mchunk-Y3ALYIMV.js[39m  [2m | [22m[2marticle-view[22m[2m | [22m[36m63.92 kB[39m[2m | [22m

Application bundle generation complete. [0.229 seconds] - 2026-03-23T20:03:26.569Z

Component update sent to client(s).
[33m>[39m Changes detected. Rebuilding...
[32m√[39m Changes detected. Rebuilding...
[1mInitial chunk files[22m[2m | [22m[1mNames[22m       [2m | [22m[1mRaw size[22m
[32mmain.js[39m            [2m | [22m[2mmain[22m        [2m | [22m [36m3.17 kB[39m[2m | [22m

[1mLazy chunk files[22m   [2m | [22m[1mNames[22m       [2m | [22m[1mRaw size[22m
[32mchunk-6LFHOP4Z.js[39m  [2m | [22m[2marticle-view[22m[2m | [22m[36m63.92 kB[39m[2m | [22m

Application bundle generation complete. [0.347 seconds] - 2026-03-23T20:03:29.756Z

Component update sent to client(s).
[33m>[39m Changes detected. Rebuilding...
[32m√[39m Changes detected. Rebuilding...
[1mInitial chunk files[22m[2m | [22m[1mNames[22m       [2m | [22m[1mRaw size[22m
[32mmain.js[39m            [2m | [22m[2mmain[22m        [2m | [22m [36m3.17 kB[39m[2m | [22m

[1mLazy chunk files[22m   [2m | [22m[1mNames[22m       [2m | [22m[1mRaw size[22m
[32mchunk-D6KHIPZR.js[39m  [2m | [22m[2marticle-view[22m[2m | [22m[36m64.06 kB[39m[2m | [22m

Application bundle generation complete. [0.327 seconds] - 2026-03-23T20:05:08.086Z

Page reload sent to client(s).
[33m>[39m Changes detected. Rebuilding...
[32m√[39m Changes detected. Rebuilding...
[1mInitial chunk files[22m[2m | [22m[1mNames[22m       [2m | [22m[1mRaw size[22m
[32mmain.js[39m            [2m | [22m[2mmain[22m        [2m | [22m [36m3.17 kB[39m[2m | [22m

[1mLazy chunk files[22m   [2m | [22m[1mNames[22m       [2m | [22m[1mRaw size[22m
[32mchunk-SI73B5CS.js[39m  [2m | [22m[2marticle-view[22m[2m | [22m[36m64.40 kB[39m[2m | [22m

Application bundle generation complete. [0.215 seconds] - 2026-03-23T20:05:15.222Z

Component update sent to client(s).
[33m>[39m Changes detected. Rebuilding...
[32m√[39m Changes detected. Rebuilding...
[1mInitial chunk files[22m[2m | [22m[1mNames[22m       [2m | [22m[1mRaw size[22m
[32mmain.js[39m            [2m | [22m[2mmain[22m        [2m | [22m [36m3.17 kB[39m[2m | [22m

[1mLazy chunk files[22m   [2m | [22m[1mNames[22m       [2m | [22m[1mRaw size[22m
[32mchunk-B3FNPKZF.js[39m  [2m | [22m[2marticle-view[22m[2m | [22m[36m64.79 kB[39m[2m | [22m

Application bundle generation complete. [0.622 seconds] - 2026-03-23T20:07:17.699Z

Component update sent to client(s).
[33m>[39m Changes detected. Rebuilding...
[32m√[39m Changes detected. Rebuilding...
[1mInitial chunk files[22m[2m | [22m[1mNames[22m       [2m | [22m[1mRaw size[22m
[32mmain.js[39m            [2m | [22m[2mmain[22m        [2m | [22m [36m3.17 kB[39m[2m | [22m

[1mLazy chunk files[22m   [2m | [22m[1mNames[22m       [2m | [22m[1mRaw size[22m
[32mchunk-FUKHHWIE.js[39m  [2m | [22m[2marticle-view[22m[2m | [22m[36m66.90 kB[39m[2m | [22m
[32mchunk-WMYRBSZK.js[39m  [2m | [22m[2marticle-edit[22m[2m | [22m[36m30.52 kB[39m[2m | [22m
[32mchunk-I7CZGU7P.js[39m  [2m | [22m[2m-[22m           [2m | [22m [36m7.29 kB[39m[2m | [22m

Application bundle generation complete. [0.320 seconds] - 2026-03-23T20:13:09.191Z

Page reload sent to client(s).
[33m>[39m Changes detected. Rebuilding...
[32m√[39m Changes detected. Rebuilding...
[1mInitial chunk files[22m[2m | [22m[1mNames[22m       [2m | [22m[1mRaw size[22m
[32mmain.js[39m            [2m | [22m[2mmain[22m        [2m | [22m [36m3.17 kB[39m[2m | [22m

[1mLazy chunk files[22m   [2m | [22m[1mNames[22m       [2m | [22m[1mRaw size[22m
[32mchunk-BKYRYAJC.js[39m  [2m | [22m[2marticle-view[22m[2m | [22m[36m66.90 kB[39m[2m | [22m
[32mchunk-QHAC7A6R.js[39m  [2m | [22m[2marticle-edit[22m[2m | [22m[36m30.52 kB[39m[2m | [22m
[32mchunk-WQOUPDPI.js[39m  [2m | [22m[2mshell[22m       [2m | [22m[36m18.01 kB[39m[2m | [22m
[32mchunk-KIJ36WCI.js[39m  [2m | [22m[2m-[22m           [2m | [22m [36m6.34 kB[39m[2m | [22m

Application bundle generation complete. [0.189 seconds] - 2026-03-23T20:16:47.683Z

Page reload sent to client(s).
[33m>[39m Changes detected. Rebuilding...
[32m√[39m Changes detected. Rebuilding...
Application bundle generation failed. [0.178 seconds] - 2026-03-23T20:22:49.181Z

[1m[31m[31mX [41;31m[[41;97mERROR[41;31m][0m [1mTS2322: Type '"requires-save"' is not assignable to type 'SelectionCaptureKind'.[0m [1m[35m[plugin angular-compiler][0m

    src/app/pages/cms/components/annotation-panel/annotation-panel.ts:68:36:
[37m      68 │       this.selectionCaptured.emit({ [32mkind[37m: 'requires-save' });
         ╵                                     [32m~~~~[0m

  The expected type comes from property 'kind' which is declared here on type 'SelectionCaptureResult'

    src/app/interfaces/selection-capture-result.interface.ts:5:6:
[37m      5 │   | { [32mkind[37m: SelectionCaptureKind.Cleared }
        ╵       [32m~~~~[0m


[31mX [41;31m[[41;97mERROR[41;31m][0m [1mTS2322: Type '"cleared"' is not assignable to type 'SelectionCaptureKind'.[0m [1m[35m[plugin angular-compiler][0m

    src/app/pages/cms/components/annotation-panel/annotation-panel.ts:82:36:
[37m      82 │       this.selectionCaptured.emit({ [32mkind[37m: 'cleared' });
         ╵                                     [32m~~~~[0m

  The expected type comes from property 'kind' which is declared here on type 'SelectionCaptureResult'

    src/app/interfaces/selection-capture-result.interface.ts:5:6:
[37m      5 │   | { [32mkind[37m: SelectionCaptureKind.Cleared }
        ╵       [32m~~~~[0m


[31mX [41;31m[[41;97mERROR[41;31m][0m [1mTS2322: Type '"cleared"' is not assignable to type 'SelectionCaptureKind'.[0m [1m[35m[plugin angular-compiler][0m

    src/app/pages/cms/components/annotation-panel/annotation-panel.ts:100:36:
[37m      100 │       this.selectionCaptured.emit({ [32mkind[37m: 'cleared' });
          ╵                                     [32m~~~~[0m

  The expected type comes from property 'kind' which is declared here on type 'SelectionCaptureResult'

    src/app/interfaces/selection-capture-result.interface.ts:5:6:
[37m      5 │   | { [32mkind[37m: SelectionCaptureKind.Cleared }
        ╵       [32m~~~~[0m


[31mX [41;31m[[41;97mERROR[41;31m][0m [1mTS2322: Type '"overlap"' is not assignable to type 'SelectionCaptureKind'.[0m [1m[35m[plugin angular-compiler][0m

    src/app/pages/cms/components/annotation-panel/annotation-panel.ts:106:36:
[37m      106 │       this.selectionCaptured.emit({ [32mkind[37m: 'overlap' });
          ╵                                     [32m~~~~[0m

  The expected type comes from property 'kind' which is declared here on type 'SelectionCaptureResult'

    src/app/interfaces/selection-capture-result.interface.ts:5:6:
[37m      5 │   | { [32mkind[37m: SelectionCaptureKind.Cleared }
        ╵       [32m~~~~[0m


[31mX [41;31m[[41;97mERROR[41;31m][0m [1mTS2322: Type '"selected"' is not assignable to type 'SelectionCaptureKind'.[0m [1m[35m[plugin angular-compiler][0m

    src/app/pages/cms/components/annotation-panel/annotation-panel.ts:111:34:
[37m      111 │ ...his.selectionCaptured.emit({ [32mkind[37m: 'selected', selection: norm...
          ╵                                 [32m~~~~[0m

  The expected type comes from property 'kind' which is declared here on type 'SelectionCaptureResult'

    src/app/interfaces/selection-capture-result.interface.ts:5:6:
[37m      5 │   | { [32mkind[37m: SelectionCaptureKind.Cleared }
        ╵       [32m~~~~[0m

[39m[22m
[33m>[39m Changes detected. Rebuilding...
[32m√[39m Changes detected. Rebuilding...
Application bundle generation failed. [0.147 seconds] - 2026-03-23T20:23:10.582Z

[1m[31m[31mX [41;31m[[41;97mERROR[41;31m][0m [1mTS2322: Type '"requires-save"' is not assignable to type 'SelectionCaptureKind'.[0m [1m[35m[plugin angular-compiler][0m

    src/app/pages/cms/components/annotation-panel/annotation-panel.ts:68:36:
[37m      68 │       this.selectionCaptured.emit({ [32mkind[37m: 'requires-save' });
         ╵                                     [32m~~~~[0m

  The expected type comes from property 'kind' which is declared here on type 'SelectionCaptureResult'

    src/app/interfaces/selection-capture-result.interface.ts:5:6:
[37m      5 │   | { [32mkind[37m: SelectionCaptureKind.Cleared }
        ╵       [32m~~~~[0m


[31mX [41;31m[[41;97mERROR[41;31m][0m [1mTS2322: Type '"cleared"' is not assignable to type 'SelectionCaptureKind'.[0m [1m[35m[plugin angular-compiler][0m

    src/app/pages/cms/components/annotation-panel/annotation-panel.ts:82:36:
[37m      82 │       this.selectionCaptured.emit({ [32mkind[37m: 'cleared' });
         ╵                                     [32m~~~~[0m

  The expected type comes from property 'kind' which is declared here on type 'SelectionCaptureResult'

    src/app/interfaces/selection-capture-result.interface.ts:5:6:
[37m      5 │   | { [32mkind[37m: SelectionCaptureKind.Cleared }
        ╵       [32m~~~~[0m


[31mX [41;31m[[41;97mERROR[41;31m][0m [1mTS2322: Type '"cleared"' is not assignable to type 'SelectionCaptureKind'.[0m [1m[35m[plugin angular-compiler][0m

    src/app/pages/cms/components/annotation-panel/annotation-panel.ts:100:36:
[37m      100 │       this.selectionCaptured.emit({ [32mkind[37m: 'cleared' });
          ╵                                     [32m~~~~[0m

  The expected type comes from property 'kind' which is declared here on type 'SelectionCaptureResult'

    src/app/interfaces/selection-capture-result.interface.ts:5:6:
[37m      5 │   | { [32mkind[37m: SelectionCaptureKind.Cleared }
        ╵       [32m~~~~[0m


[31mX [41;31m[[41;97mERROR[41;31m][0m [1mTS2322: Type '"overlap"' is not assignable to type 'SelectionCaptureKind'.[0m [1m[35m[plugin angular-compiler][0m

    src/app/pages/cms/components/annotation-panel/annotation-panel.ts:106:36:
[37m      106 │       this.selectionCaptured.emit({ [32mkind[37m: 'overlap' });
          ╵                                     [32m~~~~[0m

  The expected type comes from property 'kind' which is declared here on type 'SelectionCaptureResult'

    src/app/interfaces/selection-capture-result.interface.ts:5:6:
[37m      5 │   | { [32mkind[37m: SelectionCaptureKind.Cleared }
        ╵       [32m~~~~[0m


[31mX [41;31m[[41;97mERROR[41;31m][0m [1mTS2322: Type '"selected"' is not assignable to type 'SelectionCaptureKind'.[0m [1m[35m[plugin angular-compiler][0m

    src/app/pages/cms/components/annotation-panel/annotation-panel.ts:111:34:
[37m      111 │ ...his.selectionCaptured.emit({ [32mkind[37m: 'selected', selection: norm...
          ╵                                 [32m~~~~[0m

  The expected type comes from property 'kind' which is declared here on type 'SelectionCaptureResult'

    src/app/interfaces/selection-capture-result.interface.ts:5:6:
[37m      5 │   | { [32mkind[37m: SelectionCaptureKind.Cleared }
        ╵       [32m~~~~[0m

[39m[22m
[33m>[39m Changes detected. Rebuilding...
[32m√[39m Changes detected. Rebuilding...
Application bundle generation failed. [0.153 seconds] - 2026-03-23T20:23:14.054Z

[1m[31m[31mX [41;31m[[41;97mERROR[41;31m][0m [1mTS2322: Type '"requires-save"' is not assignable to type 'SelectionCaptureKind'.[0m [1m[35m[plugin angular-compiler][0m

    src/app/pages/cms/components/annotation-panel/annotation-panel.ts:68:36:
[37m      68 │       this.selectionCaptured.emit({ [32mkind[37m: 'requires-save' });
         ╵                                     [32m~~~~[0m

  The expected type comes from property 'kind' which is declared here on type 'SelectionCaptureResult'

    src/app/interfaces/selection-capture-result.interface.ts:5:6:
[37m      5 │   | { [32mkind[37m: SelectionCaptureKind.Cleared }
        ╵       [32m~~~~[0m


[31mX [41;31m[[41;97mERROR[41;31m][0m [1mTS2322: Type '"cleared"' is not assignable to type 'SelectionCaptureKind'.[0m [1m[35m[plugin angular-compiler][0m

    src/app/pages/cms/components/annotation-panel/annotation-panel.ts:82:36:
[37m      82 │       this.selectionCaptured.emit({ [32mkind[37m: 'cleared' });
         ╵                                     [32m~~~~[0m

  The expected type comes from property 'kind' which is declared here on type 'SelectionCaptureResult'

    src/app/interfaces/selection-capture-result.interface.ts:5:6:
[37m      5 │   | { [32mkind[37m: SelectionCaptureKind.Cleared }
        ╵       [32m~~~~[0m


[31mX [41;31m[[41;97mERROR[41;31m][0m [1mTS2322: Type '"cleared"' is not assignable to type 'SelectionCaptureKind'.[0m [1m[35m[plugin angular-compiler][0m

    src/app/pages/cms/components/annotation-panel/annotation-panel.ts:100:36:
[37m      100 │       this.selectionCaptured.emit({ [32mkind[37m: 'cleared' });
          ╵                                     [32m~~~~[0m

  The expected type comes from property 'kind' which is declared here on type 'SelectionCaptureResult'

    src/app/interfaces/selection-capture-result.interface.ts:5:6:
[37m      5 │   | { [32mkind[37m: SelectionCaptureKind.Cleared }
        ╵       [32m~~~~[0m


[31mX [41;31m[[41;97mERROR[41;31m][0m [1mTS2322: Type '"overlap"' is not assignable to type 'SelectionCaptureKind'.[0m [1m[35m[plugin angular-compiler][0m

    src/app/pages/cms/components/annotation-panel/annotation-panel.ts:106:36:
[37m      106 │       this.selectionCaptured.emit({ [32mkind[37m: 'overlap' });
          ╵                                     [32m~~~~[0m

  The expected type comes from property 'kind' which is declared here on type 'SelectionCaptureResult'

    src/app/interfaces/selection-capture-result.interface.ts:5:6:
[37m      5 │   | { [32mkind[37m: SelectionCaptureKind.Cleared }
        ╵       [32m~~~~[0m


[31mX [41;31m[[41;97mERROR[41;31m][0m [1mTS2322: Type '"selected"' is not assignable to type 'SelectionCaptureKind'.[0m [1m[35m[plugin angular-compiler][0m

    src/app/pages/cms/components/annotation-panel/annotation-panel.ts:111:34:
[37m      111 │ ...his.selectionCaptured.emit({ [32mkind[37m: 'selected', selection: norm...
          ╵                                 [32m~~~~[0m

  The expected type comes from property 'kind' which is declared here on type 'SelectionCaptureResult'

    src/app/interfaces/selection-capture-result.interface.ts:5:6:
[37m      5 │   | { [32mkind[37m: SelectionCaptureKind.Cleared }
        ╵       [32m~~~~[0m

[39m[22m
[33m>[39m Changes detected. Rebuilding...
[32m√[39m Changes detected. Rebuilding...
[1mInitial chunk files[22m[2m | [22m[1mNames[22m              [2m | [22m [1mRaw size[22m
[32mmain.js[39m            [2m | [22m[2mmain[22m               [2m | [22m  [36m3.17 kB[39m[2m | [22m
[32mchunk-VUJOFXKG.js[39m  [2m | [22m[2m-[22m                  [2m | [22m[36m938 bytes[39m[2m | [22m
[32mstyles.css[39m         [2m | [22m[2mstyles[22m             [2m | [22m[36m237 bytes[39m[2m | [22m

[1m [22m                  [2m | [22m[1mInitial total[22m      [2m | [22m  [1m4.34 kB[22m

[1mLazy chunk files[22m   [2m | [22m[1mNames[22m              [2m | [22m [1mRaw size[22m
[32mchunk-LEOKIKHD.js[39m  [2m | [22m[2marticle-view[22m       [2m | [22m [36m67.47 kB[39m[2m | [22m
[32mchunk-QHAC7A6R.js[39m  [2m | [22m[2marticle-edit[22m       [2m | [22m [36m30.52 kB[39m[2m | [22m
[32mchunk-WQOUPDPI.js[39m  [2m | [22m[2mshell[22m              [2m | [22m [36m18.01 kB[39m[2m | [22m
[32mchunk-I7CZGU7P.js[39m  [2m | [22m[2m-[22m                  [2m | [22m  [36m7.29 kB[39m[2m | [22m
[32mchunk-7BS3SSKS.js[39m  [2m | [22m[2marticle-placeholder[22m[2m | [22m  [36m6.96 kB[39m[2m | [22m
[32mchunk-KIJ36WCI.js[39m  [2m | [22m[2m-[22m                  [2m | [22m  [36m6.34 kB[39m[2m | [22m

Application bundle generation complete. [0.182 seconds] - 2026-03-23T20:23:23.955Z

Page reload sent to client(s).
[33m>[39m Changes detected. Rebuilding...
[32m√[39m Changes detected. Rebuilding...
[1mInitial chunk files[22m[2m | [22m[1mNames[22m       [2m | [22m[1mRaw size[22m
[32mmain.js[39m            [2m | [22m[2mmain[22m        [2m | [22m [36m3.17 kB[39m[2m | [22m

[1mLazy chunk files[22m   [2m | [22m[1mNames[22m       [2m | [22m[1mRaw size[22m
[32mchunk-MQIHRBR5.js[39m  [2m | [22m[2marticle-view[22m[2m | [22m[36m67.47 kB[39m[2m | [22m
[32mchunk-IEZYHOLJ.js[39m  [2m | [22m[2marticle-edit[22m[2m | [22m[36m30.52 kB[39m[2m | [22m
[32mchunk-K4GUNNG5.js[39m  [2m | [22m[2mshell[22m       [2m | [22m[36m18.01 kB[39m[2m | [22m
[32mchunk-H723L5R6.js[39m  [2m | [22m[2m-[22m           [2m | [22m [36m6.34 kB[39m[2m | [22m

Application bundle generation complete. [0.078 seconds] - 2026-03-23T20:23:30.037Z

Page reload sent to client(s).
[33m>[39m Changes detected. Rebuilding...
[32m√[39m Changes detected. Rebuilding...
[1mInitial chunk files[22m[2m | [22m[1mNames[22m [2m | [22m[1mRaw size[22m
[32mstyles.css[39m         [2m | [22m[2mstyles[22m[2m | [22m [36m3.33 kB[39m[2m | [22m

Application bundle generation complete. [0.008 seconds] - 2026-03-23T20:23:58.532Z

Stylesheet update sent to client(s).
[33m>[39m Changes detected. Rebuilding...
[32m√[39m Changes detected. Rebuilding...
[1mInitial chunk files[22m[2m | [22m[1mNames[22m              [2m | [22m[1mRaw size[22m
[32mmain.js[39m            [2m | [22m[2mmain[22m               [2m | [22m [36m3.17 kB[39m[2m | [22m

[1mLazy chunk files[22m   [2m | [22m[1mNames[22m              [2m | [22m[1mRaw size[22m
[32mchunk-XT34XDXL.js[39m  [2m | [22m[2marticle-view[22m       [2m | [22m[36m67.47 kB[39m[2m | [22m
[32mchunk-PAODM4OG.js[39m  [2m | [22m[2marticle-edit[22m       [2m | [22m[36m30.56 kB[39m[2m | [22m
[32mchunk-NOXXFQMX.js[39m  [2m | [22m[2mshell[22m              [2m | [22m[36m17.68 kB[39m[2m | [22m
[32mchunk-Q7ZTRBNP.js[39m  [2m | [22m[2m-[22m                  [2m | [22m [36m7.50 kB[39m[2m | [22m
[32mchunk-OZK2JQ3G.js[39m  [2m | [22m[2marticle-placeholder[22m[2m | [22m [36m7.10 kB[39m[2m | [22m

Application bundle generation complete. [0.190 seconds] - 2026-03-23T20:24:55.709Z

Component update sent to client(s).
[33m>[39m Changes detected. Rebuilding...
[32m√[39m Changes detected. Rebuilding...
[1mInitial chunk files[22m[2m | [22m[1mNames[22m       [2m | [22m[1mRaw size[22m
[32mmain.js[39m            [2m | [22m[2mmain[22m        [2m | [22m [36m3.17 kB[39m[2m | [22m

[1mLazy chunk files[22m   [2m | [22m[1mNames[22m       [2m | [22m[1mRaw size[22m
[32mchunk-VGXN6JJT.js[39m  [2m | [22m[2marticle-view[22m[2m | [22m[36m67.60 kB[39m[2m | [22m
[32mchunk-ZAHSAWHD.js[39m  [2m | [22m[2marticle-edit[22m[2m | [22m[36m30.94 kB[39m[2m | [22m
[32mchunk-NIE63CQ7.js[39m  [2m | [22m[2mshell[22m       [2m | [22m[36m17.97 kB[39m[2m | [22m

Application bundle generation complete. [0.212 seconds] - 2026-03-23T20:25:39.639Z

Component update sent to client(s).
[33m>[39m Changes detected. Rebuilding...
[32m√[39m Changes detected. Rebuilding...
[1mInitial chunk files[22m[2m | [22m[1mNames[22m       [2m | [22m[1mRaw size[22m
[32mmain.js[39m            [2m | [22m[2mmain[22m        [2m | [22m [36m3.17 kB[39m[2m | [22m

[1mLazy chunk files[22m   [2m | [22m[1mNames[22m       [2m | [22m[1mRaw size[22m
[32mchunk-WYXAOKBI.js[39m  [2m | [22m[2marticle-view[22m[2m | [22m[36m67.78 kB[39m[2m | [22m

Application bundle generation complete. [0.173 seconds] - 2026-03-23T20:27:30.527Z

Component update sent to client(s).
[33m>[39m Changes detected. Rebuilding...
[32m√[39m Changes detected. Rebuilding...
[1mInitial chunk files[22m[2m | [22m[1mNames[22m [2m | [22m[1mRaw size[22m
[32mstyles.css[39m         [2m | [22m[2mstyles[22m[2m | [22m [36m3.32 kB[39m[2m | [22m

Application bundle generation complete. [0.017 seconds] - 2026-03-23T20:27:52.366Z

Stylesheet update sent to client(s).
[33m>[39m Changes detected. Rebuilding...
[32m√[39m Changes detected. Rebuilding...
[1mInitial chunk files[22m[2m | [22m[1mNames[22m              [2m | [22m [1mRaw size[22m
[32mstyles.css[39m         [2m | [22m[2mstyles[22m             [2m | [22m  [36m3.32 kB[39m[2m | [22m
[32mmain.js[39m            [2m | [22m[2mmain[22m               [2m | [22m  [36m3.17 kB[39m[2m | [22m
[32mchunk-VUJOFXKG.js[39m  [2m | [22m[2m-[22m                  [2m | [22m[36m938 bytes[39m[2m | [22m

[1m [22m                  [2m | [22m[1mInitial total[22m      [2m | [22m  [1m7.42 kB[22m

[1mLazy chunk files[22m   [2m | [22m[1mNames[22m              [2m | [22m [1mRaw size[22m
[32mchunk-WYXAOKBI.js[39m  [2m | [22m[2marticle-view[22m       [2m | [22m [36m67.78 kB[39m[2m | [22m
[32mchunk-ZAHSAWHD.js[39m  [2m | [22m[2marticle-edit[22m       [2m | [22m [36m30.94 kB[39m[2m | [22m
[32mchunk-NIE63CQ7.js[39m  [2m | [22m[2mshell[22m              [2m | [22m [36m17.97 kB[39m[2m | [22m
[32mchunk-Q7ZTRBNP.js[39m  [2m | [22m[2m-[22m                  [2m | [22m  [36m7.50 kB[39m[2m | [22m
[32mchunk-OZK2JQ3G.js[39m  [2m | [22m[2marticle-placeholder[22m[2m | [22m  [36m7.10 kB[39m[2m | [22m
[32mchunk-H723L5R6.js[39m  [2m | [22m[2m-[22m                  [2m | [22m  [36m6.34 kB[39m[2m | [22m

Application bundle generation complete. [0.087 seconds] - 2026-03-23T20:28:01.138Z

[33m>[39m Changes detected. Rebuilding...
[32m√[39m Changes detected. Rebuilding...
[1mInitial chunk files[22m[2m | [22m[1mNames[22m       [2m | [22m[1mRaw size[22m
[32mmain.js[39m            [2m | [22m[2mmain[22m        [2m | [22m [36m3.17 kB[39m[2m | [22m

[1mLazy chunk files[22m   [2m | [22m[1mNames[22m       [2m | [22m[1mRaw size[22m
[32mchunk-JVULMKRU.js[39m  [2m | [22m[2marticle-view[22m[2m | [22m[36m67.78 kB[39m[2m | [22m
[32mchunk-5FJNVKZZ.js[39m  [2m | [22m[2marticle-edit[22m[2m | [22m[36m30.94 kB[39m[2m | [22m
[32mchunk-TOI7ZF2Q.js[39m  [2m | [22m[2mshell[22m       [2m | [22m[36m17.97 kB[39m[2m | [22m
[32mchunk-3J4INEVP.js[39m  [2m | [22m[2m-[22m           [2m | [22m [36m5.94 kB[39m[2m | [22m

Application bundle generation complete. [0.134 seconds] - 2026-03-23T20:38:48.576Z

Page reload sent to client(s).
[33m>[39m Changes detected. Rebuilding...
[32m√[39m Changes detected. Rebuilding...
Application bundle generation failed. [0.452 seconds] - 2026-03-23T20:42:30.851Z

[1m[31m[31mX [41;31m[[41;97mERROR[41;31m][0m [1mTS2307: Cannot find module '../../../../enums/selection-capture-kind.enum' or its corresponding type declarations.[0m [1m[35m[plugin angular-compiler][0m

    src/app/components/annotation-panel/annotation-panel.ts:13:37:
[37m      13 │ ...aptureKind } from [32m'../../../../enums/selection-capture-kind.enum'[37m;
         ╵                      [32m~~~~~~~~~~~~~~~~~~~~~~~~~~~~~~~~~~~~~~~~~~~~~~~[0m


[31mX [41;31m[[41;97mERROR[41;31m][0m [1mTS2307: Cannot find module '../../../../interfaces/annotation.interface' or its corresponding type declarations.[0m [1m[35m[plugin angular-compiler][0m

    src/app/components/annotation-panel/annotation-panel.ts:14:32:
[37m      14 │ ...{ Annotation } from [32m'../../../../interfaces/annotation.interface'[37m;
         ╵                        [32m~~~~~~~~~~~~~~~~~~~~~~~~~~~~~~~~~~~~~~~~~~~~~[0m


[31mX [41;31m[[41;97mERROR[41;31m][0m [1mTS2307: Cannot find module '../../../../interfaces/article.interface' or its corresponding type declarations.[0m [1m[35m[plugin angular-compiler][0m

    src/app/components/annotation-panel/annotation-panel.ts:15:34:
[37m      15 │ ... { ArticleDraft } from [32m'../../../../interfaces/article.interface'[37m;
         ╵                           [32m~~~~~~~~~~~~~~~~~~~~~~~~~~~~~~~~~~~~~~~~~~[0m


[31mX [41;31m[[41;97mERROR[41;31m][0m [1mTS2307: Cannot find module '../../../../interfaces/pending-selection.interface' or its corresponding type declarations.[0m [1m[35m[plugin angular-compiler][0m

    src/app/components/annotation-panel/annotation-panel.ts:16:38:
[37m      16 │ ...ction } from [32m'../../../../interfaces/pending-selection.interface'[37m;
         ╵                 [32m~~~~~~~~~~~~~~~~~~~~~~~~~~~~~~~~~~~~~~~~~~~~~~~~~~~~[0m


[31mX [41;31m[[41;97mERROR[41;31m][0m [1mTS2307: Cannot find module '../../../../interfaces/selection-capture-result.interface' or its corresponding type declarations.[0m [1m[35m[plugin angular-compiler][0m

    src/app/components/annotation-panel/annotation-panel.ts:17:44:
[37m      17 │ ...lt } from [32m'../../../../interfaces/selection-capture-result.inte[37m...
         ╵              [32m~~~~~~~~~~~~~~~~~~~~~~~~~~~~~~~~~~~~~~~~~~~~~~~~~~~~~[0m


[31mX [41;31m[[41;97mERROR[41;31m][0m [1mTS2307: Cannot find module '../../../../interfaces/text-segment.interface' or its corresponding type declarations.[0m [1m[35m[plugin angular-compiler][0m

    src/app/components/annotation-panel/annotation-panel.ts:18:33:
[37m      18 │ ...extSegment } from [32m'../../../../interfaces/text-segment.interface'[37m;
         ╵                      [32m~~~~~~~~~~~~~~~~~~~~~~~~~~~~~~~~~~~~~~~~~~~~~~~[0m


[31mX [41;31m[[41;97mERROR[41;31m][0m [1mTS2307: Cannot find module '../../../../interfaces/article.interface' or its corresponding type declarations.[0m [1m[35m[plugin angular-compiler][0m

    src/app/components/article-editor/article-editor.ts:4:34:
[37m      4 │ ...e { ArticleDraft } from [32m'../../../../interfaces/article.interface'[37m;
        ╵                            [32m~~~~~~~~~~~~~~~~~~~~~~~~~~~~~~~~~~~~~~~~~~[0m


[31mX [41;31m[[41;97mERROR[41;31m][0m [1mTS2307: Cannot find module '../../../../interfaces/article.interface' or its corresponding type declarations.[0m [1m[35m[plugin angular-compiler][0m

    src/app/components/article-sidebar/article-sidebar.ts:3:29:
[37m      3 │ ...t type { Article } from [32m'../../../../interfaces/article.interface'[37m;
        ╵                            [32m~~~~~~~~~~~~~~~~~~~~~~~~~~~~~~~~~~~~~~~~~~[0m


[31mX [41;31m[[41;97mERROR[41;31m][0m [1mTS2307: Cannot find module '../cms/components/article-editor/article-editor' or its corresponding type declarations.[0m [1m[35m[plugin angular-compiler][0m

    src/app/pages/article-edit/article-edit.ts:16:30:
[37m      16 │ ...leEditor } from [32m'../cms/components/article-editor/article-editor'[37m;
         ╵                    [32m~~~~~~~~~~~~~~~~~~~~~~~~~~~~~~~~~~~~~~~~~~~~~~~~~[0m


[31mX [41;31m[[41;97mERROR[41;31m][0m [1mNG1010: 'imports' must be an array of components, directives, pipes, or NgModules.
  Value could not be determined statically.[0m [1m[35m[plugin angular-compiler][0m

    src/app/pages/article-edit/article-edit.ts:21:12:
[37m      21 │   imports: [[32mArticleEditor[37m, ConfirmDialog],
         ╵             [32m~~~~~~~~~~~~~[0m

  Unknown reference.

    src/app/pages/article-edit/article-edit.ts:21:12:
[37m      21 │   imports: [[32mArticleEditor[37m, ConfirmDialog],
         ╵             [32m~~~~~~~~~~~~~[0m


[31mX [41;31m[[41;97mERROR[41;31m][0m [1mTS2307: Cannot find module '../cms/components/annotation-panel/annotation-panel' or its corresponding type declarations.[0m [1m[35m[plugin angular-compiler][0m

    src/app/pages/article-view/article-view.ts:20:32:
[37m      20 │ ...anel } from [32m'../cms/components/annotation-panel/annotation-panel'[37m;
         ╵                [32m~~~~~~~~~~~~~~~~~~~~~~~~~~~~~~~~~~~~~~~~~~~~~~~~~~~~~[0m


[31mX [41;31m[[41;97mERROR[41;31m][0m [1mNG1010: 'imports' must be an array of components, directives, pipes, or NgModules.
  Value could not be determined statically.[0m [1m[35m[plugin angular-compiler][0m

    src/app/pages/article-view/article-view.ts:31:12:
[37m      31 │   imports: [[32mAnnotationPanel[37m, ConfirmDialog],
         ╵             [32m~~~~~~~~~~~~~~~[0m

  Unknown reference.

    src/app/pages/article-view/article-view.ts:31:12:
[37m      31 │   imports: [[32mAnnotationPanel[37m, ConfirmDialog],
         ╵             [32m~~~~~~~~~~~~~~~[0m


[31mX [41;31m[[41;97mERROR[41;31m][0m [1mTS2307: Cannot find module '../cms/components/article-sidebar/article-sidebar' or its corresponding type declarations.[0m [1m[35m[plugin angular-compiler][0m

    src/app/pages/shell/shell.ts:5:31:
[37m      5 │ ...Sidebar } from [32m'../cms/components/article-sidebar/article-sidebar'[37m;
        ╵                   [32m~~~~~~~~~~~~~~~~~~~~~~~~~~~~~~~~~~~~~~~~~~~~~~~~~~~[0m


[31mX [41;31m[[41;97mERROR[41;31m][0m [1mNG1010: 'imports' must be an array of components, directives, pipes, or NgModules.
  Value could not be determined statically.[0m [1m[35m[plugin angular-compiler][0m

    src/app/pages/shell/shell.ts:10:12:
[37m      10 │   imports: [[32mArticleSidebar[37m, RouterOutlet],
         ╵             [32m~~~~~~~~~~~~~~[0m

  Unknown reference.

    src/app/pages/shell/shell.ts:10:12:
[37m      10 │   imports: [[32mArticleSidebar[37m, RouterOutlet],
         ╵             [32m~~~~~~~~~~~~~~[0m


[31mX [41;31m[[41;97mERROR[41;31m][0m [1mCould not resolve "../cms/components/article-editor/article-editor"[0m

    src/app/pages/article-edit/article-edit.ts:8:30:
[37m      8 │ ...cleEditor } from [32m'../cms/components/article-editor/article-editor'[37m;
        ╵                     [32m~~~~~~~~~~~~~~~~~~~~~~~~~~~~~~~~~~~~~~~~~~~~~~~~~[0m


[31mX [41;31m[[41;97mERROR[41;31m][0m [1mCould not resolve "../cms/components/annotation-panel/annotation-panel"[0m

    src/app/pages/article-view/article-view.ts:9:32:
[37m      9 │ ...Panel } from [32m'../cms/components/annotation-panel/annotation-panel'[37m;
        ╵                 [32m~~~~~~~~~~~~~~~~~~~~~~~~~~~~~~~~~~~~~~~~~~~~~~~~~~~~~[0m


[31mX [41;31m[[41;97mERROR[41;31m][0m [1mCould not resolve "../cms/components/article-sidebar/article-sidebar"[0m

    src/app/pages/shell/shell.ts:5:31:
[37m      5 │ ...Sidebar } from [32m'../cms/components/article-sidebar/article-sidebar'[37m;
        ╵                   [32m~~~~~~~~~~~~~~~~~~~~~~~~~~~~~~~~~~~~~~~~~~~~~~~~~~~[0m

[39m[22m
[33m>[39m Changes detected. Rebuilding...
[32m√[39m Changes detected. Rebuilding...
[1mInitial chunk files[22m[2m | [22m[1mNames[22m              [2m | [22m [1mRaw size[22m
[32mstyles.css[39m         [2m | [22m[2mstyles[22m             [2m | [22m  [36m3.32 kB[39m[2m | [22m
[32mmain.js[39m            [2m | [22m[2mmain[22m               [2m | [22m  [36m3.17 kB[39m[2m | [22m
[32mchunk-VUJOFXKG.js[39m  [2m | [22m[2m-[22m                  [2m | [22m[36m938 bytes[39m[2m | [22m

[1m [22m                  [2m | [22m[1mInitial total[22m      [2m | [22m  [1m7.42 kB[22m

[1mLazy chunk files[22m   [2m | [22m[1mNames[22m              [2m | [22m [1mRaw size[22m
[32mchunk-ETVH2CAP.js[39m  [2m | [22m[2marticle-view[22m       [2m | [22m [36m69.04 kB[39m[2m | [22m
[32mchunk-V2G3HLBW.js[39m  [2m | [22m[2marticle-edit[22m       [2m | [22m [36m31.32 kB[39m[2m | [22m
[32mchunk-5KMXRHHO.js[39m  [2m | [22m[2mshell[22m              [2m | [22m [36m18.06 kB[39m[2m | [22m
[32mchunk-OCAUENEZ.js[39m  [2m | [22m[2m-[22m                  [2m | [22m  [36m7.50 kB[39m[2m | [22m
[32mchunk-3KNF2ISP.js[39m  [2m | [22m[2marticle-placeholder[22m[2m | [22m  [36m7.16 kB[39m[2m | [22m
[32mchunk-JXBCOHWF.js[39m  [2m | [22m[2m-[22m                  [2m | [22m  [36m7.05 kB[39m[2m | [22m

Application bundle generation complete. [0.489 seconds] - 2026-03-23T20:45:01.839Z

Page reload sent to client(s).
[33m>[39m Changes detected. Rebuilding...
[32m√[39m Changes detected. Rebuilding...
[1mInitial chunk files[22m[2m | [22m[1mNames[22m              [2m | [22m[1mRaw size[22m
[32mmain.js[39m            [2m | [22m[2mmain[22m               [2m | [22m [36m3.17 kB[39m[2m | [22m

[1mLazy chunk files[22m   [2m | [22m[1mNames[22m              [2m | [22m[1mRaw size[22m
[32mchunk-OXRE2KGA.js[39m  [2m | [22m[2marticle-view[22m       [2m | [22m[36m70.00 kB[39m[2m | [22m
[32mchunk-CCGETNTU.js[39m  [2m | [22m[2marticle-edit[22m       [2m | [22m[36m31.63 kB[39m[2m | [22m
[32mchunk-3Z5NGNVV.js[39m  [2m | [22m[2mshell[22m              [2m | [22m[36m18.16 kB[39m[2m | [22m
[32mchunk-6NNDX5YP.js[39m  [2m | [22m[2m-[22m                  [2m | [22m [36m7.75 kB[39m[2m | [22m
[32mchunk-EFD77QGU.js[39m  [2m | [22m[2m-[22m                  [2m | [22m [36m7.50 kB[39m[2m | [22m
[32mchunk-NITR7OQ2.js[39m  [2m | [22m[2marticle-placeholder[22m[2m | [22m [36m7.19 kB[39m[2m | [22m

Application bundle generation complete. [0.338 seconds] - 2026-03-23T20:48:25.969Z

Page reload sent to client(s).
[33m>[39m Changes detected. Rebuilding...
[32m√[39m Changes detected. Rebuilding...

No output file changes.

Application bundle generation complete. [0.190 seconds] - 2026-03-23T20:49:04.537Z

[33m>[39m Changes detected. Rebuilding...
[32m√[39m Changes detected. Rebuilding...
[1mInitial chunk files[22m[2m | [22m[1mNames[22m              [2m | [22m[1mRaw size[22m
[32mmain.js[39m            [2m | [22m[2mmain[22m               [2m | [22m [36m3.17 kB[39m[2m | [22m

[1mLazy chunk files[22m   [2m | [22m[1mNames[22m              [2m | [22m[1mRaw size[22m
[32mchunk-PPLDXJBX.js[39m  [2m | [22m[2marticle-view[22m       [2m | [22m[36m70.13 kB[39m[2m | [22m
[32mchunk-PXAPBJ5S.js[39m  [2m | [22m[2marticle-edit[22m       [2m | [22m[36m31.68 kB[39m[2m | [22m
[32mchunk-NDWT54ZN.js[39m  [2m | [22m[2mshell[22m              [2m | [22m[36m18.17 kB[39m[2m | [22m
[32mchunk-NGJJ7HQJ.js[39m  [2m | [22m[2m-[22m                  [2m | [22m [36m7.88 kB[39m[2m | [22m
[32mchunk-BOD4YITU.js[39m  [2m | [22m[2m-[22m                  [2m | [22m [36m7.50 kB[39m[2m | [22m
[32mchunk-OSCGQHYA.js[39m  [2m | [22m[2marticle-placeholder[22m[2m | [22m [36m7.20 kB[39m[2m | [22m

Application bundle generation complete. [1.247 seconds] - 2026-03-23T20:50:38.425Z

Page reload sent to client(s).
[33m>[39m Changes detected. Rebuilding...
[32m√[39m Changes detected. Rebuilding...
[1mInitial chunk files[22m[2m | [22m[1mNames[22m              [2m | [22m[1mRaw size[22m
[32mmain.js[39m            [2m | [22m[2mmain[22m               [2m | [22m [36m3.17 kB[39m[2m | [22m

[1mLazy chunk files[22m   [2m | [22m[1mNames[22m              [2m | [22m[1mRaw size[22m
[32mchunk-HWTPFEBV.js[39m  [2m | [22m[2marticle-view[22m       [2m | [22m[36m70.10 kB[39m[2m | [22m
[32mchunk-PYWWKDLL.js[39m  [2m | [22m[2marticle-edit[22m       [2m | [22m[36m31.66 kB[39m[2m | [22m
[32mchunk-OO7AH4SC.js[39m  [2m | [22m[2mshell[22m              [2m | [22m[36m18.16 kB[39m[2m | [22m
[32mchunk-5QJBQK2U.js[39m  [2m | [22m[2m-[22m                  [2m | [22m [36m7.88 kB[39m[2m | [22m
[32mchunk-NVX3FXDQ.js[39m  [2m | [22m[2m-[22m                  [2m | [22m [36m7.50 kB[39m[2m | [22m
[32mchunk-QN2JW25C.js[39m  [2m | [22m[2marticle-placeholder[22m[2m | [22m [36m7.20 kB[39m[2m | [22m

Application bundle generation complete. [2.622 seconds] - 2026-03-23T20:52:30.974Z

Page reload sent to client(s).
[33m>[39m Changes detected. Rebuilding...
[32m√[39m Changes detected. Rebuilding...
[1mInitial chunk files[22m[2m | [22m[1mNames[22m       [2m | [22m[1mRaw size[22m
[32mmain.js[39m            [2m | [22m[2mmain[22m        [2m | [22m [36m3.17 kB[39m[2m | [22m

[1mLazy chunk files[22m   [2m | [22m[1mNames[22m       [2m | [22m[1mRaw size[22m
[32mchunk-IQE2CBVI.js[39m  [2m | [22m[2marticle-view[22m[2m | [22m[36m71.73 kB[39m[2m | [22m
[32mchunk-OGHX2Y6T.js[39m  [2m | [22m[2marticle-edit[22m[2m | [22m[36m31.84 kB[39m[2m | [22m
[32mchunk-SUEX7YFZ.js[39m  [2m | [22m[2mshell[22m       [2m | [22m[36m18.27 kB[39m[2m | [22m
[32mchunk-ZUIVBJDM.js[39m  [2m | [22m[2m-[22m           [2m | [22m [36m8.96 kB[39m[2m | [22m

Application bundle generation complete. [0.684 seconds] - 2026-03-23T20:54:00.867Z

Page reload sent to client(s).
[33m>[39m Changes detected. Rebuilding...
[32m√[39m Changes detected. Rebuilding...
[1mInitial chunk files[22m[2m | [22m[1mNames[22m       [2m | [22m[1mRaw size[22m
[32mmain.js[39m            [2m | [22m[2mmain[22m        [2m | [22m [36m3.17 kB[39m[2m | [22m

[1mLazy chunk files[22m   [2m | [22m[1mNames[22m       [2m | [22m[1mRaw size[22m
[32mchunk-XIOHQCVC.js[39m  [2m | [22m[2marticle-view[22m[2m | [22m[36m71.67 kB[39m[2m | [22m
[32mchunk-TJELCVKW.js[39m  [2m | [22m[2marticle-edit[22m[2m | [22m[36m31.84 kB[39m[2m | [22m
[32mchunk-DW2SRUVF.js[39m  [2m | [22m[2mshell[22m       [2m | [22m[36m18.27 kB[39m[2m | [22m
[32mchunk-B6BLTMPB.js[39m  [2m | [22m[2m-[22m           [2m | [22m [36m8.91 kB[39m[2m | [22m

Application bundle generation complete. [0.325 seconds] - 2026-03-23T20:54:56.318Z

Page reload sent to client(s).
